Using pre-set license
Built from '2020.2/release' branch; Version is '2020.2.1f1 (270dd8c3da1c) revision 2559448'; Using compiler version '192528614'; Build Type 'Release'
OS: 'Windows 10  (10.0.0) 64bit' Language: 'tr' Physical Memory: 16319 MB
BatchMode: 1, IsHumanControllingUs: 0, StartBugReporterOnCrash: 0, Is64bit: 1, IsPro: 0

 COMMAND LINE ARGUMENTS:
C:\Users\Muharrem Bayrambaş\Desktop\Unity2020\2020.2.1f1\Editor\Unity.exe
-adb2
-batchMode
-noUpm
-name
AssetImportWorker0
-projectPath
C:/Users/Muharrem Bayrambaş/Desktop/Unity2020/Projects/PongArena
-logFile
Logs/AssetImportWorker0.log
-srvPort
51400
Successfully changed project path to: C:/Users/Muharrem Bayrambaş/Desktop/Unity2020/Projects/PongArena
C:/Users/Muharrem Bayrambaş/Desktop/Unity2020/Projects/PongArena
Using Asset Import Pipeline V2.
Refreshing native plugins compatible for Editor in 64.63 ms, found 1 plugins.
Preloading 0 native plugins for Editor in 0.00 ms.
Initialize engine version: 2020.2.1f1 (270dd8c3da1c)
[Subsystems] Discovering subsystems at path C:/Users/Muharrem Bayrambaş/Desktop/Unity2020/2020.2.1f1/Editor/Data/Resources/UnitySubsystems
[Subsystems] Discovering subsystems at path C:/Users/Muharrem Bayrambaş/Desktop/Unity2020/Projects/PongArena/Assets
GfxDevice: creating device client; threaded=0
Direct3D:
    Version:  Direct3D 11.0 [level 11.1]
    Renderer: NVIDIA GeForce GTX 1050 Ti (ID=0x1c82)
    Vendor:   
    VRAM:     4018 MB
    Driver:   27.21.14.5730
Initialize mono
Mono path[0] = 'C:/Users/Muharrem Bayrambaş/Desktop/Unity2020/2020.2.1f1/Editor/Data/Managed'
Mono path[1] = 'C:/Users/Muharrem Bayrambaş/Desktop/Unity2020/2020.2.1f1/Editor/Data/MonoBleedingEdge/lib/mono/unityjit'
Mono config path = 'C:/Users/Muharrem Bayrambaş/Desktop/Unity2020/2020.2.1f1/Editor/Data/MonoBleedingEdge/etc'
Using monoOptions --debugger-agent=transport=dt_socket,embedding=1,server=y,suspend=n,address=127.0.0.1:56152
Begin MonoManager ReloadAssembly
Registering precompiled unity dll's ...
Register platform support module: C:/Users/Muharrem Bayrambaş/Desktop/Unity2020/2020.2.1f1/Editor/Data/PlaybackEngines/WebGLSupport/UnityEditor.WebGL.Extensions.dll
Register platform support module: C:/Users/Muharrem Bayrambaş/Desktop/Unity2020/2020.2.1f1/Editor/Data/PlaybackEngines/WindowsStandaloneSupport/UnityEditor.WindowsStandalone.Extensions.dll
Registered in 0.003651 seconds.
Native extension for WindowsStandalone target not found
Native extension for WebGL target not found
Refreshing native plugins compatible for Editor in 43.78 ms, found 1 plugins.
Preloading 0 native plugins for Editor in 0.00 ms.
Invoked RoslynAnalysisRunner static constructor.
RoslynAnalysisRunner will not be running.
RoslynAnalysisRunner has terminated.
Mono: successfully reloaded assembly
- Completed reload, in  3.582 seconds
Platform modules already initialized, skipping
Registering precompiled user dll's ...
Registered in 0.001552 seconds.
Begin MonoManager ReloadAssembly
Native extension for WindowsStandalone target not found
Native extension for WebGL target not found
Refreshing native plugins compatible for Editor in 45.94 ms, found 1 plugins.
Preloading 0 native plugins for Editor in 0.00 ms.
Invoked RoslynAnalysisRunner static constructor.
RoslynAnalysisRunner will not be running.
RoslynAnalysisRunner has terminated.
Mono: successfully reloaded assembly
- Completed reload, in  1.315 seconds
Platform modules already initialized, skipping
========================================================================
Worker process is ready to serve import requests
Launched and connected shader compiler UnityShaderCompiler.exe after 0.11 seconds
Refreshing native plugins compatible for Editor in 0.58 ms, found 1 plugins.
Preloading 0 native plugins for Editor in 0.00 ms.
Unloading 1767 Unused Serialized files (Serialized files now loaded: 0)
System memory in use before: 83.6 MB.
System memory in use after: 83.6 MB.

Unloading 23 unused Assets to reduce memory usage. Loaded Objects now: 2210.
Total: 3.016100 ms (FindLiveObjects: 0.209400 ms CreateObjectMapping: 0.060100 ms MarkObjects: 2.557900 ms  DeleteObjects: 0.186900 ms)

========================================================================
Received Import Request.
  path: Assets/BallMovement.cs
  artifactKey: Guid(909fc14b5b7c13e43ac052e5dd111627) Importer(815301076,1909f56bfc062723c751e8b465ee728b)
Start importing Assets/BallMovement.cs using Guid(909fc14b5b7c13e43ac052e5dd111627) Importer(815301076,1909f56bfc062723c751e8b465ee728b)  -> (artifact id: '65da6b2e62d892f0317202f0d5af4e55') in 0.842202 seconds
  Import took 0.941166 seconds .

========================================================================
Received Import Request.
  Time since last request: 459.596629 seconds.
  path: Assets/BallMovement.cs
  artifactKey: Guid(909fc14b5b7c13e43ac052e5dd111627) Importer(815301076,1909f56bfc062723c751e8b465ee728b)
Start importing Assets/BallMovement.cs using Guid(909fc14b5b7c13e43ac052e5dd111627) Importer(815301076,1909f56bfc062723c751e8b465ee728b)  -> (artifact id: 'eb8e817ba77982d22b5f42cea9ea40d9') in 0.006515 seconds
  Import took 0.021018 seconds .

========================================================================
Received Import Request.
  Time since last request: 24.739463 seconds.
  path: Assets/BallMovement.cs
  artifactKey: Guid(909fc14b5b7c13e43ac052e5dd111627) Importer(815301076,1909f56bfc062723c751e8b465ee728b)
Start importing Assets/BallMovement.cs using Guid(909fc14b5b7c13e43ac052e5dd111627) Importer(815301076,1909f56bfc062723c751e8b465ee728b)  -> (artifact id: '4741d72f1ae0bfc0287b50e5d211bab7') in 0.007180 seconds
  Import took 0.028601 seconds .

========================================================================
Received Import Request.
  Time since last request: 19.870666 seconds.
  path: Assets/BallMovement.cs
  artifactKey: Guid(909fc14b5b7c13e43ac052e5dd111627) Importer(815301076,1909f56bfc062723c751e8b465ee728b)
Start importing Assets/BallMovement.cs using Guid(909fc14b5b7c13e43ac052e5dd111627) Importer(815301076,1909f56bfc062723c751e8b465ee728b)  -> (artifact id: 'ecf2f867448f1caf489fdde1e5780768') in 0.007101 seconds
  Import took 0.034347 seconds .

========================================================================
Received Import Request.
  Time since last request: 14.955080 seconds.
  path: Assets/BallMovement.cs
  artifactKey: Guid(909fc14b5b7c13e43ac052e5dd111627) Importer(815301076,1909f56bfc062723c751e8b465ee728b)
Start importing Assets/BallMovement.cs using Guid(909fc14b5b7c13e43ac052e5dd111627) Importer(815301076,1909f56bfc062723c751e8b465ee728b)  -> (artifact id: 'ce52df3e384590942e08b4baac14bb54') in 0.013824 seconds
  Import took 0.057774 seconds .

========================================================================
Received Prepare
Registering precompiled user dll's ...
Registered in 0.001542 seconds.
Begin MonoManager ReloadAssembly
Native extension for WindowsStandalone target not found
Native extension for WebGL target not found
Refreshing native plugins compatible for Editor in 0.43 ms, found 1 plugins.
Preloading 0 native plugins for Editor in 0.00 ms.
Invoked RoslynAnalysisRunner static constructor.
RoslynAnalysisRunner will not be running.
RoslynAnalysisRunner has terminated.
Mono: successfully reloaded assembly
- Completed reload, in  1.314 seconds
Platform modules already initialized, skipping
Refreshing native plugins compatible for Editor in 0.42 ms, found 1 plugins.
Preloading 0 native plugins for Editor in 0.00 ms.
Unloading 1762 Unused Serialized files (Serialized files now loaded: 0)
System memory in use before: 83.8 MB.
System memory in use after: 83.8 MB.

Unloading 11 unused Assets to reduce memory usage. Loaded Objects now: 2213.
Total: 3.326900 ms (FindLiveObjects: 0.241200 ms CreateObjectMapping: 0.054300 ms MarkObjects: 2.894800 ms  DeleteObjects: 0.134700 ms)

========================================================================
Received Prepare
Registering precompiled user dll's ...
Registered in 0.001650 seconds.
Begin MonoManager ReloadAssembly
Native extension for WindowsStandalone target not found
Native extension for WebGL target not found
Refreshing native plugins compatible for Editor in 0.70 ms, found 1 plugins.
Preloading 0 native plugins for Editor in 0.00 ms.
Invoked RoslynAnalysisRunner static constructor.
RoslynAnalysisRunner will not be running.
RoslynAnalysisRunner has terminated.
Mono: successfully reloaded assembly
- Completed reload, in  1.181 seconds
Platform modules already initialized, skipping
Refreshing native plugins compatible for Editor in 0.41 ms, found 1 plugins.
Preloading 0 native plugins for Editor in 0.00 ms.
Unloading 1762 Unused Serialized files (Serialized files now loaded: 0)
System memory in use before: 83.9 MB.
System memory in use after: 83.9 MB.

Unloading 11 unused Assets to reduce memory usage. Loaded Objects now: 2216.
Total: 2.777400 ms (FindLiveObjects: 0.360800 ms CreateObjectMapping: 0.093700 ms MarkObjects: 2.174600 ms  DeleteObjects: 0.146900 ms)

========================================================================
Received Prepare
Registering precompiled user dll's ...
Registered in 0.001868 seconds.
Begin MonoManager ReloadAssembly
Native extension for WindowsStandalone target not found
Native extension for WebGL target not found
Refreshing native plugins compatible for Editor in 0.44 ms, found 1 plugins.
Preloading 0 native plugins for Editor in 0.00 ms.
Invoked RoslynAnalysisRunner static constructor.
RoslynAnalysisRunner will not be running.
RoslynAnalysisRunner has terminated.
Mono: successfully reloaded assembly
- Completed reload, in  1.281 seconds
Platform modules already initialized, skipping
Refreshing native plugins compatible for Editor in 0.46 ms, found 1 plugins.
Preloading 0 native plugins for Editor in 0.00 ms.
Unloading 1762 Unused Serialized files (Serialized files now loaded: 0)
System memory in use before: 84.1 MB.
System memory in use after: 84.1 MB.

Unloading 11 unused Assets to reduce memory usage. Loaded Objects now: 2219.
Total: 3.102200 ms (FindLiveObjects: 0.247200 ms CreateObjectMapping: 0.051800 ms MarkObjects: 2.664700 ms  DeleteObjects: 0.136600 ms)

========================================================================
Received Prepare
Registering precompiled user dll's ...
Registered in 0.001628 seconds.
Begin MonoManager ReloadAssembly
Native extension for WindowsStandalone target not found
Native extension for WebGL target not found
Refreshing native plugins compatible for Editor in 0.53 ms, found 1 plugins.
Preloading 0 native plugins for Editor in 0.00 ms.
Invoked RoslynAnalysisRunner static constructor.
RoslynAnalysisRunner will not be running.
RoslynAnalysisRunner has terminated.
Mono: successfully reloaded assembly
- Completed reload, in  1.521 seconds
Platform modules already initialized, skipping
Refreshing native plugins compatible for Editor in 0.72 ms, found 1 plugins.
Preloading 0 native plugins for Editor in 0.00 ms.
Unloading 1762 Unused Serialized files (Serialized files now loaded: 0)
System memory in use before: 84.2 MB.
System memory in use after: 84.2 MB.

Unloading 11 unused Assets to reduce memory usage. Loaded Objects now: 2222.
Total: 6.307300 ms (FindLiveObjects: 0.469900 ms CreateObjectMapping: 0.409300 ms MarkObjects: 5.247600 ms  DeleteObjects: 0.177400 ms)

========================================================================
Received Import Request.
  Time since last request: 1466.162932 seconds.
  path: Assets/Scenes/Game.unity
  artifactKey: Guid(f1a12b088e8633c4c9f65f8d2e9cfd04) Importer(815301076,1909f56bfc062723c751e8b465ee728b)
Start importing Assets/Scenes/Game.unity using Guid(f1a12b088e8633c4c9f65f8d2e9cfd04) Importer(815301076,1909f56bfc062723c751e8b465ee728b)  -> (artifact id: 'de5332e744a23c3d55487ce375daac5b') in 0.034529 seconds
  Import took 0.068306 seconds .

========================================================================
Received Import Request.
  Time since last request: 54.548483 seconds.
  path: Assets/Scenes/MainMenu 1.unity
  artifactKey: Guid(938f0cf05f405b849932e80820e7742e) Importer(815301076,1909f56bfc062723c751e8b465ee728b)
Start importing Assets/Scenes/MainMenu 1.unity using Guid(938f0cf05f405b849932e80820e7742e) Importer(815301076,1909f56bfc062723c751e8b465ee728b)  -> (artifact id: 'cf064ea5ec9ea3713c3f3c0fb98182f0') in 0.013439 seconds
  Import took 0.021115 seconds .

========================================================================
Received Import Request.
  Time since last request: 35.338897 seconds.
  path: Assets/Scenes/GameOver.unity
  artifactKey: Guid(938f0cf05f405b849932e80820e7742e) Importer(815301076,1909f56bfc062723c751e8b465ee728b)
Start importing Assets/Scenes/GameOver.unity using Guid(938f0cf05f405b849932e80820e7742e) Importer(815301076,1909f56bfc062723c751e8b465ee728b)  -> (artifact id: 'ea55be4d16359793a7e1e34a3ba82f59') in 0.094080 seconds
  Import took 0.132929 seconds .

========================================================================
Received Prepare
Registering precompiled user dll's ...
Registered in 0.001500 seconds.
Begin MonoManager ReloadAssembly
Native extension for WindowsStandalone target not found
Native extension for WebGL target not found
Refreshing native plugins compatible for Editor in 0.59 ms, found 1 plugins.
Preloading 0 native plugins for Editor in 0.00 ms.
Invoked RoslynAnalysisRunner static constructor.
RoslynAnalysisRunner will not be running.
RoslynAnalysisRunner has terminated.
Mono: successfully reloaded assembly
- Completed reload, in  1.405 seconds
Platform modules already initialized, skipping
Refreshing native plugins compatible for Editor in 0.50 ms, found 1 plugins.
Preloading 0 native plugins for Editor in 0.00 ms.
Unloading 1762 Unused Serialized files (Serialized files now loaded: 0)
System memory in use before: 84.4 MB.
System memory in use after: 84.4 MB.

Unloading 11 unused Assets to reduce memory usage. Loaded Objects now: 2225.
Total: 2.544700 ms (FindLiveObjects: 0.254500 ms CreateObjectMapping: 0.061200 ms MarkObjects: 2.099200 ms  DeleteObjects: 0.128300 ms)

========================================================================
Received Prepare
Registering precompiled user dll's ...
Registered in 0.002574 seconds.
Begin MonoManager ReloadAssembly
Native extension for WindowsStandalone target not found
Native extension for WebGL target not found
Refreshing native plugins compatible for Editor in 0.42 ms, found 1 plugins.
Preloading 0 native plugins for Editor in 0.00 ms.
Invoked RoslynAnalysisRunner static constructor.
RoslynAnalysisRunner will not be running.
RoslynAnalysisRunner has terminated.
Mono: successfully reloaded assembly
- Completed reload, in  1.555 seconds
Platform modules already initialized, skipping
Refreshing native plugins compatible for Editor in 0.41 ms, found 1 plugins.
Preloading 0 native plugins for Editor in 0.00 ms.
Unloading 1762 Unused Serialized files (Serialized files now loaded: 0)
System memory in use before: 84.6 MB.
System memory in use after: 84.6 MB.

Unloading 11 unused Assets to reduce memory usage. Loaded Objects now: 2228.
Total: 2.895300 ms (FindLiveObjects: 0.252800 ms CreateObjectMapping: 0.063800 ms MarkObjects: 2.429300 ms  DeleteObjects: 0.147900 ms)

========================================================================
Received Prepare
Registering precompiled user dll's ...
Registered in 0.001924 seconds.
Begin MonoManager ReloadAssembly
Native extension for WindowsStandalone target not found
Native extension for WebGL target not found
Refreshing native plugins compatible for Editor in 0.42 ms, found 1 plugins.
Preloading 0 native plugins for Editor in 0.00 ms.
Invoked RoslynAnalysisRunner static constructor.
RoslynAnalysisRunner will not be running.
RoslynAnalysisRunner has terminated.
Mono: successfully reloaded assembly
- Completed reload, in  1.320 seconds
Platform modules already initialized, skipping
Refreshing native plugins compatible for Editor in 0.41 ms, found 1 plugins.
Preloading 0 native plugins for Editor in 0.00 ms.
Unloading 1762 Unused Serialized files (Serialized files now loaded: 0)
System memory in use before: 84.6 MB.
System memory in use after: 84.6 MB.

Unloading 11 unused Assets to reduce memory usage. Loaded Objects now: 2231.
Total: 2.847300 ms (FindLiveObjects: 0.253700 ms CreateObjectMapping: 0.062000 ms MarkObjects: 2.356600 ms  DeleteObjects: 0.173200 ms)

========================================================================
Received Prepare
Registering precompiled user dll's ...
Registered in 0.001962 seconds.
Begin MonoManager ReloadAssembly
Native extension for WindowsStandalone target not found
Native extension for WebGL target not found
Refreshing native plugins compatible for Editor in 0.45 ms, found 1 plugins.
Preloading 0 native plugins for Editor in 0.00 ms.
Invoked RoslynAnalysisRunner static constructor.
RoslynAnalysisRunner will not be running.
RoslynAnalysisRunner has terminated.
Mono: successfully reloaded assembly
- Completed reload, in  1.579 seconds
Platform modules already initialized, skipping
Refreshing native plugins compatible for Editor in 0.46 ms, found 1 plugins.
Preloading 0 native plugins for Editor in 0.00 ms.
Unloading 1762 Unused Serialized files (Serialized files now loaded: 0)
System memory in use before: 84.8 MB.
System memory in use after: 84.8 MB.

Unloading 11 unused Assets to reduce memory usage. Loaded Objects now: 2234.
Total: 4.972900 ms (FindLiveObjects: 0.363700 ms CreateObjectMapping: 0.074900 ms MarkObjects: 4.290500 ms  DeleteObjects: 0.241700 ms)

========================================================================
Received Import Request.
  Time since last request: 2547.758078 seconds.
  path: Assets/Scenes 1
  artifactKey: Guid(928ba7f5fcdf9a54893312bedc0abb4a) Importer(815301076,1909f56bfc062723c751e8b465ee728b)
Start importing Assets/Scenes 1 using Guid(928ba7f5fcdf9a54893312bedc0abb4a) Importer(815301076,1909f56bfc062723c751e8b465ee728b)  -> (artifact id: 'be90200cd9bc380752f64db81b7cc0ad') in 0.016370 seconds
  Import took 0.032105 seconds .

========================================================================
Received Import Request.
  Time since last request: 2.770306 seconds.
  path: Assets/Script
  artifactKey: Guid(928ba7f5fcdf9a54893312bedc0abb4a) Importer(815301076,1909f56bfc062723c751e8b465ee728b)
Start importing Assets/Script using Guid(928ba7f5fcdf9a54893312bedc0abb4a) Importer(815301076,1909f56bfc062723c751e8b465ee728b)  -> (artifact id: '196abbe850a037c2872f8bc474b44921') in 0.011559 seconds
  Import took 0.015772 seconds .

========================================================================
Received Import Request.
  Time since last request: 2.323559 seconds.
  path: Assets/Scripts
  artifactKey: Guid(928ba7f5fcdf9a54893312bedc0abb4a) Importer(815301076,1909f56bfc062723c751e8b465ee728b)
Start importing Assets/Scripts using Guid(928ba7f5fcdf9a54893312bedc0abb4a) Importer(815301076,1909f56bfc062723c751e8b465ee728b)  -> (artifact id: 'a86b5c80f9742eba7188a61963e8c97d') in 0.012052 seconds
  Import took 0.017040 seconds .

========================================================================
Received Import Request.
  Time since last request: 0.515109 seconds.
  path: Assets/BallMovement.cs
  artifactKey: Guid(909fc14b5b7c13e43ac052e5dd111627) Importer(815301076,1909f56bfc062723c751e8b465ee728b)
Start importing Assets/BallMovement.cs using Guid(909fc14b5b7c13e43ac052e5dd111627) Importer(815301076,1909f56bfc062723c751e8b465ee728b)  -> (artifact id: '387ac98387fa1f5e78c0ad7ba706da57') in 0.009778 seconds
  Import took 0.013134 seconds .

========================================================================
Received Import Request.
  Time since last request: 0.031011 seconds.
  path: Assets/BallMovement.cs
  artifactKey: Guid(909fc14b5b7c13e43ac052e5dd111627) Importer(815301076,1909f56bfc062723c751e8b465ee728b)
Start importing Assets/BallMovement.cs using Guid(909fc14b5b7c13e43ac052e5dd111627) Importer(815301076,1909f56bfc062723c751e8b465ee728b)  -> (artifact id: '387ac98387fa1f5e78c0ad7ba706da57') in 0.005636 seconds
  Import took 0.020627 seconds .

========================================================================
Received Import Request.
  Time since last request: 1.066116 seconds.
  path: Assets/Player1.cs
  artifactKey: Guid(05d0d05f06906d8419a1376ff8015dda) Importer(815301076,1909f56bfc062723c751e8b465ee728b)
Start importing Assets/Player1.cs using Guid(05d0d05f06906d8419a1376ff8015dda) Importer(815301076,1909f56bfc062723c751e8b465ee728b)  -> (artifact id: '0892870e237a31649538b6c860414eb4') in 0.012337 seconds
  Import took 0.016096 seconds .

========================================================================
Received Import Request.
  Time since last request: 0.000546 seconds.
  path: Assets/Player1.cs
  artifactKey: Guid(05d0d05f06906d8419a1376ff8015dda) Importer(815301076,1909f56bfc062723c751e8b465ee728b)
Start importing Assets/Player1.cs using Guid(05d0d05f06906d8419a1376ff8015dda) Importer(815301076,1909f56bfc062723c751e8b465ee728b)  -> (artifact id: '0892870e237a31649538b6c860414eb4') in 0.005144 seconds
  Import took 0.008789 seconds .

========================================================================
Received Prepare
Registering precompiled user dll's ...
Registered in 0.001857 seconds.
Begin MonoManager ReloadAssembly
Native extension for WindowsStandalone target not found
Native extension for WebGL target not found
Refreshing native plugins compatible for Editor in 0.42 ms, found 1 plugins.
Preloading 0 native plugins for Editor in 0.00 ms.
Invoked RoslynAnalysisRunner static constructor.
RoslynAnalysisRunner will not be running.
RoslynAnalysisRunner has terminated.
Mono: successfully reloaded assembly
- Completed reload, in  1.261 seconds
Platform modules already initialized, skipping
Refreshing native plugins compatible for Editor in 0.42 ms, found 1 plugins.
Preloading 0 native plugins for Editor in 0.00 ms.
Unloading 1762 Unused Serialized files (Serialized files now loaded: 0)
System memory in use before: 85.0 MB.
System memory in use after: 85.0 MB.

Unloading 11 unused Assets to reduce memory usage. Loaded Objects now: 2237.
Total: 2.411400 ms (FindLiveObjects: 0.242000 ms CreateObjectMapping: 0.080900 ms MarkObjects: 1.960600 ms  DeleteObjects: 0.126700 ms)

========================================================================
Received Import Request.
  Time since last request: 16.364330 seconds.
  path: Assets/Sounds
  artifactKey: Guid(ddd3c04b422e3a7419d26076a12a62eb) Importer(815301076,1909f56bfc062723c751e8b465ee728b)
Start importing Assets/Sounds using Guid(ddd3c04b422e3a7419d26076a12a62eb) Importer(815301076,1909f56bfc062723c751e8b465ee728b)  -> (artifact id: '16d540cfa509dbf3ef81f63b7693186d') in 0.031602 seconds
  Import took 0.052574 seconds .

========================================================================
Received Import Request.
  Time since last request: 11.053063 seconds.
  path: Assets/Sounds/hit.mp3
  artifactKey: Guid(6ffd43ba9ea55a848808cb433e3f23eb) Importer(815301076,1909f56bfc062723c751e8b465ee728b)
Start importing Assets/Sounds/hit.mp3 using Guid(6ffd43ba9ea55a848808cb433e3f23eb) Importer(815301076,1909f56bfc062723c751e8b465ee728b)  -> (artifact id: 'cc6c6c14cc9fefb3e439a98fab60c717') in 0.322339 seconds
  Import took 0.326075 seconds .

========================================================================
Received Prepare
Registering precompiled user dll's ...
Registered in 0.004813 seconds.
Begin MonoManager ReloadAssembly
Native extension for WindowsStandalone target not found
Native extension for WebGL target not found
Refreshing native plugins compatible for Editor in 0.42 ms, found 1 plugins.
Preloading 0 native plugins for Editor in 0.00 ms.
Invoked RoslynAnalysisRunner static constructor.
RoslynAnalysisRunner will not be running.
RoslynAnalysisRunner has terminated.
Mono: successfully reloaded assembly
- Completed reload, in  1.216 seconds
Platform modules already initialized, skipping
Refreshing native plugins compatible for Editor in 0.41 ms, found 1 plugins.
Preloading 0 native plugins for Editor in 0.00 ms.
Unloading 1763 Unused Serialized files (Serialized files now loaded: 0)
System memory in use before: 88.3 MB.
System memory in use after: 88.3 MB.

Unloading 11 unused Assets to reduce memory usage. Loaded Objects now: 2250.
Total: 2.585800 ms (FindLiveObjects: 0.276700 ms CreateObjectMapping: 0.065400 ms MarkObjects: 2.118500 ms  DeleteObjects: 0.123600 ms)

========================================================================
Received Import Request.
  Time since last request: 14.392272 seconds.
  path: Assets/Scripts/SoundController.cs
  artifactKey: Guid(64c9ad8bba082184687fcb1d2fe899b6) Importer(815301076,1909f56bfc062723c751e8b465ee728b)
Start importing Assets/Scripts/SoundController.cs using Guid(64c9ad8bba082184687fcb1d2fe899b6) Importer(815301076,1909f56bfc062723c751e8b465ee728b)  -> (artifact id: '5b34a57a44dc2771dc1b0bdb89ea2f1b') in 0.017300 seconds
  Import took 0.045191 seconds .

========================================================================
Received Prepare
Registering precompiled user dll's ...
Registered in 0.001506 seconds.
Begin MonoManager ReloadAssembly
Native extension for WindowsStandalone target not found
Native extension for WebGL target not found
Refreshing native plugins compatible for Editor in 0.45 ms, found 1 plugins.
Preloading 0 native plugins for Editor in 0.00 ms.
Invoked RoslynAnalysisRunner static constructor.
RoslynAnalysisRunner will not be running.
RoslynAnalysisRunner has terminated.
Mono: successfully reloaded assembly
- Completed reload, in  1.319 seconds
Platform modules already initialized, skipping
Refreshing native plugins compatible for Editor in 0.42 ms, found 1 plugins.
Preloading 0 native plugins for Editor in 0.00 ms.
Unloading 1763 Unused Serialized files (Serialized files now loaded: 0)
System memory in use before: 88.4 MB.
System memory in use after: 88.4 MB.

Unloading 11 unused Assets to reduce memory usage. Loaded Objects now: 2253.
Total: 2.579700 ms (FindLiveObjects: 0.267500 ms CreateObjectMapping: 0.056300 ms MarkObjects: 2.126400 ms  DeleteObjects: 0.128100 ms)

========================================================================
Received Prepare
Registering precompiled user dll's ...
Registered in 0.001931 seconds.
Begin MonoManager ReloadAssembly
Native extension for WindowsStandalone target not found
Native extension for WebGL target not found
Refreshing native plugins compatible for Editor in 0.42 ms, found 1 plugins.
Preloading 0 native plugins for Editor in 0.00 ms.
Invoked RoslynAnalysisRunner static constructor.
RoslynAnalysisRunner will not be running.
RoslynAnalysisRunner has terminated.
Mono: successfully reloaded assembly
- Completed reload, in  1.414 seconds
Platform modules already initialized, skipping
Refreshing native plugins compatible for Editor in 0.43 ms, found 1 plugins.
Preloading 0 native plugins for Editor in 0.00 ms.
Unloading 1763 Unused Serialized files (Serialized files now loaded: 0)
System memory in use before: 88.6 MB.
System memory in use after: 88.6 MB.

Unloading 11 unused Assets to reduce memory usage. Loaded Objects now: 2256.
Total: 2.653700 ms (FindLiveObjects: 0.250300 ms CreateObjectMapping: 0.052300 ms MarkObjects: 2.200800 ms  DeleteObjects: 0.148800 ms)

========================================================================
Received Import Request.
  Time since last request: 823.796447 seconds.
  path: Assets/Scripts/Player2AI.cs
  artifactKey: Guid(4ff910a4742513544acbbd7e0e474b39) Importer(815301076,1909f56bfc062723c751e8b465ee728b)
Start importing Assets/Scripts/Player2AI.cs using Guid(4ff910a4742513544acbbd7e0e474b39) Importer(815301076,1909f56bfc062723c751e8b465ee728b)  -> (artifact id: 'c1ce85356ceabdd795ca54497964b4be') in 0.018168 seconds
  Import took 0.034518 seconds .

========================================================================
Received Prepare
Registering precompiled user dll's ...
Registered in 0.001548 seconds.
Begin MonoManager ReloadAssembly
Native extension for WindowsStandalone target not found
Native extension for WebGL target not found
Refreshing native plugins compatible for Editor in 0.44 ms, found 1 plugins.
Preloading 0 native plugins for Editor in 0.00 ms.
Invoked RoslynAnalysisRunner static constructor.
RoslynAnalysisRunner will not be running.
RoslynAnalysisRunner has terminated.
Mono: successfully reloaded assembly
- Completed reload, in  1.107 seconds
Platform modules already initialized, skipping
Refreshing native plugins compatible for Editor in 0.42 ms, found 1 plugins.
Preloading 0 native plugins for Editor in 0.00 ms.
Unloading 1764 Unused Serialized files (Serialized files now loaded: 0)
System memory in use before: 88.7 MB.
System memory in use after: 88.7 MB.

Unloading 11 unused Assets to reduce memory usage. Loaded Objects now: 2260.
Total: 2.656600 ms (FindLiveObjects: 0.357600 ms CreateObjectMapping: 0.054200 ms MarkObjects: 2.114600 ms  DeleteObjects: 0.128900 ms)

========================================================================
Received Prepare
Registering precompiled user dll's ...
Registered in 0.001776 seconds.
Begin MonoManager ReloadAssembly
Native extension for WindowsStandalone target not found
Native extension for WebGL target not found
Refreshing native plugins compatible for Editor in 0.45 ms, found 1 plugins.
Preloading 0 native plugins for Editor in 0.00 ms.
Invoked RoslynAnalysisRunner static constructor.
RoslynAnalysisRunner will not be running.
RoslynAnalysisRunner has terminated.
Mono: successfully reloaded assembly
- Completed reload, in  1.183 seconds
Platform modules already initialized, skipping
Refreshing native plugins compatible for Editor in 0.41 ms, found 1 plugins.
Preloading 0 native plugins for Editor in 0.00 ms.
Unloading 1764 Unused Serialized files (Serialized files now loaded: 0)
System memory in use before: 88.8 MB.
System memory in use after: 88.8 MB.

Unloading 11 unused Assets to reduce memory usage. Loaded Objects now: 2263.
Total: 2.573100 ms (FindLiveObjects: 0.245000 ms CreateObjectMapping: 0.052200 ms MarkObjects: 2.140100 ms  DeleteObjects: 0.134000 ms)

========================================================================
Received Prepare
Registering precompiled user dll's ...
Registered in 0.002108 seconds.
Begin MonoManager ReloadAssembly
Native extension for WindowsStandalone target not found
Native extension for WebGL target not found
Refreshing native plugins compatible for Editor in 0.44 ms, found 1 plugins.
Preloading 0 native plugins for Editor in 0.00 ms.
Invoked RoslynAnalysisRunner static constructor.
RoslynAnalysisRunner will not be running.
RoslynAnalysisRunner has terminated.
Mono: successfully reloaded assembly
- Completed reload, in  1.322 seconds
Platform modules already initialized, skipping
Refreshing native plugins compatible for Editor in 0.52 ms, found 1 plugins.
Preloading 0 native plugins for Editor in 0.00 ms.
Unloading 1764 Unused Serialized files (Serialized files now loaded: 0)
System memory in use before: 88.0 MB.
System memory in use after: 88.0 MB.

Unloading 11 unused Assets to reduce memory usage. Loaded Objects now: 2266.
Total: 3.834600 ms (FindLiveObjects: 1.044600 ms CreateObjectMapping: 0.275500 ms MarkObjects: 2.370300 ms  DeleteObjects: 0.142400 ms)

========================================================================
Received Prepare
Registering precompiled user dll's ...
Registered in 0.002063 seconds.
Begin MonoManager ReloadAssembly
Native extension for WindowsStandalone target not found
Native extension for WebGL target not found
Refreshing native plugins compatible for Editor in 0.43 ms, found 1 plugins.
Preloading 0 native plugins for Editor in 0.00 ms.
Invoked RoslynAnalysisRunner static constructor.
RoslynAnalysisRunner will not be running.
RoslynAnalysisRunner has terminated.
Mono: successfully reloaded assembly
- Completed reload, in  1.471 seconds
Platform modules already initialized, skipping
Refreshing native plugins compatible for Editor in 0.56 ms, found 1 plugins.
Preloading 0 native plugins for Editor in 0.00 ms.
Unloading 1764 Unused Serialized files (Serialized files now loaded: 0)
System memory in use before: 88.2 MB.
System memory in use after: 88.2 MB.

Unloading 11 unused Assets to reduce memory usage. Loaded Objects now: 2269.
Total: 2.991100 ms (FindLiveObjects: 0.404900 ms CreateObjectMapping: 0.189200 ms MarkObjects: 2.257800 ms  DeleteObjects: 0.137600 ms)

========================================================================
Received Prepare
Registering precompiled user dll's ...
Registered in 0.003415 seconds.
Begin MonoManager ReloadAssembly
Native extension for WindowsStandalone target not found
Native extension for WebGL target not found
Refreshing native plugins compatible for Editor in 0.70 ms, found 1 plugins.
Preloading 0 native plugins for Editor in 0.00 ms.
Invoked RoslynAnalysisRunner static constructor.
RoslynAnalysisRunner will not be running.
RoslynAnalysisRunner has terminated.
Mono: successfully reloaded assembly
- Completed reload, in  1.253 seconds
Platform modules already initialized, skipping
Refreshing native plugins compatible for Editor in 0.58 ms, found 1 plugins.
Preloading 0 native plugins for Editor in 0.00 ms.
Unloading 1764 Unused Serialized files (Serialized files now loaded: 0)
System memory in use before: 88.3 MB.
System memory in use after: 88.3 MB.

Unloading 11 unused Assets to reduce memory usage. Loaded Objects now: 2272.
Total: 2.844800 ms (FindLiveObjects: 0.250600 ms CreateObjectMapping: 0.055600 ms MarkObjects: 2.404600 ms  DeleteObjects: 0.132600 ms)

========================================================================
Received Prepare
Registering precompiled user dll's ...
Registered in 0.002052 seconds.
Begin MonoManager ReloadAssembly
Native extension for WindowsStandalone target not found
Native extension for WebGL target not found
Refreshing native plugins compatible for Editor in 0.43 ms, found 1 plugins.
Preloading 0 native plugins for Editor in 0.00 ms.
Invoked RoslynAnalysisRunner static constructor.
RoslynAnalysisRunner will not be running.
RoslynAnalysisRunner has terminated.
Mono: successfully reloaded assembly
- Completed reload, in  1.268 seconds
Platform modules already initialized, skipping
Refreshing native plugins compatible for Editor in 0.43 ms, found 1 plugins.
Preloading 0 native plugins for Editor in 0.00 ms.
Unloading 1764 Unused Serialized files (Serialized files now loaded: 0)
System memory in use before: 88.5 MB.
System memory in use after: 88.5 MB.

Unloading 11 unused Assets to reduce memory usage. Loaded Objects now: 2275.
Total: 2.914200 ms (FindLiveObjects: 0.462000 ms CreateObjectMapping: 0.125300 ms MarkObjects: 2.188600 ms  DeleteObjects: 0.136800 ms)

========================================================================
Received Prepare
Registering precompiled user dll's ...
Registered in 0.001613 seconds.
Begin MonoManager ReloadAssembly
Native extension for WindowsStandalone target not found
Native extension for WebGL target not found
Refreshing native plugins compatible for Editor in 0.45 ms, found 1 plugins.
Preloading 0 native plugins for Editor in 0.00 ms.
Invoked RoslynAnalysisRunner static constructor.
RoslynAnalysisRunner will not be running.
RoslynAnalysisRunner has terminated.
Mono: successfully reloaded assembly
- Completed reload, in  1.196 seconds
Platform modules already initialized, skipping
Refreshing native plugins compatible for Editor in 0.41 ms, found 1 plugins.
Preloading 0 native plugins for Editor in 0.00 ms.
Unloading 1764 Unused Serialized files (Serialized files now loaded: 0)
System memory in use before: 88.6 MB.
System memory in use after: 88.6 MB.

Unloading 11 unused Assets to reduce memory usage. Loaded Objects now: 2278.
Total: 3.255800 ms (FindLiveObjects: 0.469200 ms CreateObjectMapping: 0.143500 ms MarkObjects: 2.482500 ms  DeleteObjects: 0.158700 ms)

========================================================================
Received Prepare
Registering precompiled user dll's ...
Registered in 0.001489 seconds.
Begin MonoManager ReloadAssembly
Native extension for WindowsStandalone target not found
Native extension for WebGL target not found
Refreshing native plugins compatible for Editor in 0.46 ms, found 1 plugins.
Preloading 0 native plugins for Editor in 0.00 ms.
Invoked RoslynAnalysisRunner static constructor.
RoslynAnalysisRunner will not be running.
RoslynAnalysisRunner has terminated.
Mono: successfully reloaded assembly
- Completed reload, in  1.128 seconds
Platform modules already initialized, skipping
Refreshing native plugins compatible for Editor in 0.42 ms, found 1 plugins.
Preloading 0 native plugins for Editor in 0.00 ms.
Unloading 1764 Unused Serialized files (Serialized files now loaded: 0)
System memory in use before: 88.8 MB.
System memory in use after: 88.8 MB.

Unloading 11 unused Assets to reduce memory usage. Loaded Objects now: 2281.
Total: 2.855800 ms (FindLiveObjects: 0.283200 ms CreateObjectMapping: 0.060000 ms MarkObjects: 2.371800 ms  DeleteObjects: 0.138900 ms)

========================================================================
Received Prepare
Registering precompiled user dll's ...
Registered in 0.001604 seconds.
Begin MonoManager ReloadAssembly
Native extension for WindowsStandalone target not found
Native extension for WebGL target not found
Refreshing native plugins compatible for Editor in 0.46 ms, found 1 plugins.
Preloading 0 native plugins for Editor in 0.00 ms.
Invoked RoslynAnalysisRunner static constructor.
RoslynAnalysisRunner will not be running.
RoslynAnalysisRunner has terminated.
Mono: successfully reloaded assembly
- Completed reload, in  1.138 seconds
Platform modules already initialized, skipping
Refreshing native plugins compatible for Editor in 0.49 ms, found 1 plugins.
Preloading 0 native plugins for Editor in 0.00 ms.
Unloading 1764 Unused Serialized files (Serialized files now loaded: 0)
System memory in use before: 88.9 MB.
System memory in use after: 88.9 MB.

Unloading 11 unused Assets to reduce memory usage. Loaded Objects now: 2284.
Total: 2.709200 ms (FindLiveObjects: 0.251100 ms CreateObjectMapping: 0.052100 ms MarkObjects: 2.263900 ms  DeleteObjects: 0.140600 ms)

AssetImportWorkerClient::OnTransportError - code=2 error=End of file
